<?xml version="1.0" encoding="UTF-8"?>
<testng-results ignored="0" total="2" passed="2" failed="0" skipped="0">
  <reporter-output>
  </reporter-output>
  <suite started-at="2025-08-12T09:25:48 IST" name="Default suite" finished-at="2025-08-12T09:26:01 IST" duration-ms="12510">
    <groups>
    </groups>
    <test started-at="2025-08-12T09:25:48 IST" name="Default test" finished-at="2025-08-12T09:26:01 IST" duration-ms="12510">
      <class name="testLayer.LoginTest2">
        <test-method is-config="true" signature="setupSuit()[pri:0, instance:testLayer.LoginTest2@662ac478]" started-at="2025-08-12T09:25:48 IST" name="setupSuit" finished-at="2025-08-12T09:25:48 IST" duration-ms="601" status="PASS">
          <reporter-output>
          </reporter-output>
        </test-method> <!-- setupSuit -->
        <test-method is-config="true" signature="setup()[pri:0, instance:testLayer.LoginTest2@662ac478]" started-at="2025-08-12T09:25:48 IST" name="setup" finished-at="2025-08-12T09:25:55 IST" duration-ms="6372" status="PASS">
          <reporter-output>
          </reporter-output>
        </test-method> <!-- setup -->
        <test-method signature="loginApp()[pri:0, instance:testLayer.LoginTest2@662ac478]" started-at="2025-08-12T09:25:55 IST" name="loginApp" finished-at="2025-08-12T09:25:55 IST" duration-ms="782" status="PASS">
          <reporter-output>
          </reporter-output>
        </test-method> <!-- loginApp -->
        <test-method is-config="true" signature="tearDownMethod(org.testng.ITestResult)[pri:0, instance:testLayer.LoginTest2@662ac478]" started-at="2025-08-12T09:25:55 IST" name="tearDownMethod" finished-at="2025-08-12T09:25:56 IST" duration-ms="687" status="PASS">
          <params>
            <param index="0">
              <value>
                <![CDATA[[TestResult name=loginApp status=SUCCESS method=LoginTest2.loginApp()[pri:0, instance:testLayer.LoginTest2@662ac478] output={null}]]]>
              </value>
            </param>
          </params>
          <reporter-output>
          </reporter-output>
        </test-method> <!-- tearDownMethod -->
        <test-method signature="m1()[pri:0, instance:testLayer.LoginTest2@662ac478]" started-at="2025-08-12T09:25:56 IST" name="m1" finished-at="2025-08-12T09:25:56 IST" duration-ms="7" status="PASS">
          <reporter-output>
          </reporter-output>
        </test-method> <!-- m1 -->
        <test-method is-config="true" signature="tearDownMethod(org.testng.ITestResult)[pri:0, instance:testLayer.LoginTest2@662ac478]" started-at="2025-08-12T09:25:56 IST" name="tearDownMethod" finished-at="2025-08-12T09:25:56 IST" duration-ms="63" status="PASS">
          <params>
            <param index="0">
              <value>
                <![CDATA[[TestResult name=m1 status=SUCCESS method=LoginTest2.m1()[pri:0, instance:testLayer.LoginTest2@662ac478] output={null}]]]>
              </value>
            </param>
          </params>
          <reporter-output>
          </reporter-output>
        </test-method> <!-- tearDownMethod -->
        <test-method is-config="true" signature="tearDown()[pri:0, instance:testLayer.LoginTest2@662ac478]" started-at="2025-08-12T09:25:56 IST" name="tearDown" finished-at="2025-08-12T09:26:01 IST" duration-ms="4498" status="PASS">
          <reporter-output>
          </reporter-output>
        </test-method> <!-- tearDown -->
      </class> <!-- testLayer.LoginTest2 -->
    </test> <!-- Default test -->
  </suite> <!-- Default suite -->
</testng-results>
